# JRE version: Java(TM) SE Runtime Environment (8.0_25-b17) (build 1.8.0_25-b17)
# Java VM: Java HotSpot(TM) 64-Bit Server VM (25.25-b02 mixed mode bsd-amd64 compressed oops)
Heap:
 PSYoungGen      total 49152K, used 14925K [0x000000076ab00000, 0x000000076ee00000, 0x00000007c0000000)
  eden space 33792K, 1% used [0x000000076ab00000,0x000000076ab77a70,0x000000076cc00000)
  from space 15360K, 94% used [0x000000076cc80000,0x000000076da9ba88,0x000000076db80000)
  to   space 17408K, 0% used [0x000000076dd00000,0x000000076dd00000,0x000000076ee00000)
 ParOldGen       total 113664K, used 95330K [0x00000006c0000000, 0x00000006c6f00000, 0x000000076ab00000)
  object space 113664K, 83% used [0x00000006c0000000,0x00000006c5d18b10,0x00000006c6f00000)
 Metaspace       used 19416K, capacity 19762K, committed 19968K, reserved 1067008K
  class space    used 2431K, capacity 2506K, committed 2560K, reserved 1048576K
GC Heap History (10 events):
Event: 7757,206 GC heap before
{Heap before GC invocations=44 (full 1):
 PSYoungGen      total 52736K, used 45802K [0x000000076ab00000, 0x000000076ef80000, 0x00000007c0000000)
  eden space 36352K, 100% used [0x000000076ab00000,0x000000076ce80000,0x000000076ce80000)
  from space 16384K, 57% used [0x000000076df00000,0x000000076e83a970,0x000000076ef00000)
  to   space 16896K, 0% used [0x000000076ce80000,0x000000076ce80000,0x000000076df00000)
 ParOldGen       total 113664K, used 71198K [0x00000006c0000000, 0x00000006c6f00000, 0x000000076ab00000)
  object space 113664K, 62% used [0x00000006c0000000,0x00000006c4587870,0x00000006c6f00000)
 Metaspace       used 19302K, capacity 19616K, committed 19712K, reserved 1067008K
  class space    used 2429K, capacity 2503K, committed 2560K, reserved 1048576K
Event: 7757,210 GC heap after
Heap after GC invocations=44 (full 1):
 PSYoungGen      total 43520K, used 7366K [0x000000076ab00000, 0x000000076ee00000, 0x00000007c0000000)
  eden space 35840K, 0% used [0x000000076ab00000,0x000000076ab00000,0x000000076ce00000)
  from space 7680K, 95% used [0x000000076ce80000,0x000000076d5b1b00,0x000000076d600000)
  to   space 16384K, 0% used [0x000000076de00000,0x000000076de00000,0x000000076ee00000)
 ParOldGen       total 113664K, used 73662K [0x00000006c0000000, 0x00000006c6f00000, 0x000000076ab00000)
  object space 113664K, 64% used [0x00000006c0000000,0x00000006c47ef978,0x00000006c6f00000)
 Metaspace       used 19302K, capacity 19616K, committed 19712K, reserved 1067008K
  class space    used 2429K, capacity 2503K, committed 2560K, reserved 1048576K
}
Event: 8036,027 GC heap before
{Heap before GC invocations=45 (full 1):
 PSYoungGen      total 43520K, used 43206K [0x000000076ab00000, 0x000000076ee00000, 0x00000007c0000000)
  eden space 35840K, 100% used [0x000000076ab00000,0x000000076ce00000,0x000000076ce00000)
  from space 7680K, 95% used [0x000000076ce80000,0x000000076d5b1b00,0x000000076d600000)
  to   space 16384K, 0% used [0x000000076de00000,0x000000076de00000,0x000000076ee00000)
 ParOldGen       total 113664K, used 73662K [0x00000006c0000000, 0x00000006c6f00000, 0x000000076ab00000)
  object space 113664K, 64% used [0x00000006c0000000,0x00000006c47ef978,0x00000006c6f00000)
 Metaspace       used 19330K, capacity 19680K, committed 19968K, reserved 1067008K
  class space    used 2429K, capacity 2503K, committed 2560K, reserved 1048576K
Event: 8036,032 GC heap after
Heap after GC invocations=45 (full 1):
 PSYoungGen      total 51200K, used 9053K [0x000000076ab00000, 0x000000076ed80000, 0x00000007c0000000)
  eden space 35328K, 0% used [0x000000076ab00000,0x000000076ab00000,0x000000076cd80000)
  from space 15872K, 57% used [0x000000076de00000,0x000000076e6d75b0,0x000000076ed80000)
  to   space 16384K, 0% used [0x000000076cd80000,0x000000076cd80000,0x000000076dd80000)
 ParOldGen       total 113664K, used 74144K [0x00000006c0000000, 0x00000006c6f00000, 0x000000076ab00000)
  object space 113664K, 65% used [0x00000006c0000000,0x00000006c48683c0,0x00000006c6f00000)
 Metaspace       used 19330K, capacity 19680K, committed 19968K, reserved 1067008K
  class space    used 2429K, capacity 2503K, committed 2560K, reserved 1048576K
}
Event: 8350,012 GC heap before
{Heap before GC invocations=46 (full 1):
 PSYoungGen      total 51200K, used 44381K [0x000000076ab00000, 0x000000076ed80000, 0x00000007c0000000)
  eden space 35328K, 100% used [0x000000076ab00000,0x000000076cd80000,0x000000076cd80000)
  from space 15872K, 57% used [0x000000076de00000,0x000000076e6d75b0,0x000000076ed80000)
  to   space 16384K, 0% used [0x000000076cd80000,0x000000076cd80000,0x000000076dd80000)
 ParOldGen       total 113664K, used 74144K [0x00000006c0000000, 0x00000006c6f00000, 0x000000076ab00000)
  object space 113664K, 65% used [0x00000006c0000000,0x00000006c48683c0,0x00000006c6f00000)
 Metaspace       used 19369K, capacity 19680K, committed 19968K, reserved 1067008K
  class space    used 2429K, capacity 2503K, committed 2560K, reserved 1048576K
Event: 8350,014 GC heap after
Heap after GC invocations=46 (full 1):
 PSYoungGen      total 39936K, used 4854K [0x000000076ab00000, 0x000000076eb00000, 0x00000007c0000000)
  eden space 34816K, 0% used [0x000000076ab00000,0x000000076ab00000,0x000000076cd00000)
  from space 5120K, 94% used [0x000000076cd80000,0x000000076d23d810,0x000000076d280000)
  to   space 15360K, 0% used [0x000000076dc00000,0x000000076dc00000,0x000000076eb00000)
 ParOldGen       total 113664K, used 77740K [0x00000006c0000000, 0x00000006c6f00000, 0x000000076ab00000)
  object space 113664K, 68% used [0x00000006c0000000,0x00000006c4beb130,0x00000006c6f00000)
 Metaspace       used 19369K, capacity 19680K, committed 19968K, reserved 1067008K
  class space    used 2429K, capacity 2503K, committed 2560K, reserved 1048576K
}
Event: 8992,454 GC heap before
{Heap before GC invocations=47 (full 1):
 PSYoungGen      total 39936K, used 39670K [0x000000076ab00000, 0x000000076eb00000, 0x00000007c0000000)
  eden space 34816K, 100% used [0x000000076ab00000,0x000000076cd00000,0x000000076cd00000)
  from space 5120K, 94% used [0x000000076cd80000,0x000000076d23d810,0x000000076d280000)
  to   space 15360K, 0% used [0x000000076dc00000,0x000000076dc00000,0x000000076eb00000)
 ParOldGen       total 113664K, used 77740K [0x00000006c0000000, 0x00000006c6f00000, 0x000000076ab00000)
  object space 113664K, 68% used [0x00000006c0000000,0x00000006c4beb130,0x00000006c6f00000)
 Metaspace       used 19397K, capacity 19762K, committed 19968K, reserved 1067008K
  class space    used 2431K, capacity 2506K, committed 2560K, reserved 1048576K
Event: 8992,457 GC heap after
Heap after GC invocations=47 (full 1):
 PSYoungGen      total 49152K, used 8205K [0x000000076ab00000, 0x000000076ea80000, 0x00000007c0000000)
  eden space 34304K, 0% used [0x000000076ab00000,0x000000076ab00000,0x000000076cc80000)
  from space 14848K, 55% used [0x000000076dc00000,0x000000076e403670,0x000000076ea80000)
  to   space 15360K, 0% used [0x000000076cc80000,0x000000076cc80000,0x000000076db80000)
 ParOldGen       total 113664K, used 78724K [0x00000006c0000000, 0x00000006c6f00000, 0x000000076ab00000)
  object space 113664K, 69% used [0x00000006c0000000,0x00000006c4ce1310,0x00000006c6f00000)
 Metaspace       used 19397K, capacity 19762K, committed 19968K, reserved 1067008K
  class space    used 2431K, capacity 2506K, committed 2560K, reserved 1048576K
}
Event: 13644,119 GC heap before
{Heap before GC invocations=48 (full 1):
 PSYoungGen      total 49152K, used 42509K [0x000000076ab00000, 0x000000076ea80000, 0x00000007c0000000)
  eden space 34304K, 100% used [0x000000076ab00000,0x000000076cc80000,0x000000076cc80000)
  from space 14848K, 55% used [0x000000076dc00000,0x000000076e403670,0x000000076ea80000)
  to   space 15360K, 0% used [0x000000076cc80000,0x000000076cc80000,0x000000076db80000)
 ParOldGen       total 113664K, used 78724K [0x00000006c0000000, 0x00000006c6f00000, 0x000000076ab00000)
  object space 113664K, 69% used [0x00000006c0000000,0x00000006c4ce1310,0x00000006c6f00000)
 Metaspace       used 19416K, capacity 19762K, committed 19968K, reserved 1067008K
  class space    used 2431K, capacity 2506K, committed 2560K, reserved 1048576K
Event: 13644,124 GC heap after
Heap after GC invocations=48 (full 1):
 PSYoungGen      total 49152K, used 14446K [0x000000076ab00000, 0x000000076ee00000, 0x00000007c0000000)
  eden space 33792K, 0% used [0x000000076ab00000,0x000000076ab00000,0x000000076cc00000)
  from space 15360K, 94% used [0x000000076cc80000,0x000000076da9ba88,0x000000076db80000)
  to   space 17408K, 0% used [0x000000076dd00000,0x000000076dd00000,0x000000076ee00000)
 ParOldGen       total 113664K, used 95330K [0x00000006c0000000, 0x00000006c6f00000, 0x000000076ab00000)
  object space 113664K, 83% used [0x00000006c0000000,0x00000006c5d18b10,0x00000006c6f00000)
 Metaspace       used 19416K, capacity 19762K, committed 19968K, reserved 1067008K
  class space    used 2431K, capacity 2506K, committed 2560K, reserved 1048576K
}

